<?xml version="1.0" encoding="UTF-8"?>
<testsuite name="com.test.UnitTest" tests="2" skipped="0" failures="0" errors="0" timestamp="2018-03-19T12:27:42" hostname="localhost.localdomain" time="0.002">
  <properties/>
  <testcase name="test" classname="com.test.UnitTest" time="0.002"/>
  <testcase name="testAppHasAGreeting" classname="com.test.UnitTest" time="0.0"/>
  <system-out><![CDATA[test
]]></system-out>
  <system-err><![CDATA[]]></system-err>
</testsuite>
